android/app/build/intermediates/manifest_merge_blame_file/debug/manifest-merger-blame-debug-report.txt
1<?xml version="1.0" encoding="utf-8"?>
2<manifest xmlns:android="http://schemas.android.com/apk/res/android"
3    package="com.example.elder_care_assistance"
4    android:versionCode="1"
5    android:versionName="1.0" >
6
7    <uses-sdk
8        android:minSdkVersion="21"
9        android:targetSdkVersion="34" />
10
11    <uses-permission android:name="android.permission.INTERNET" />
11-->src/main/AndroidManifest.xml:6:5-67
11-->src/main/AndroidManifest.xml:6:22-64
12    <uses-permission android:name="android.permission.RECORD_AUDIO" />
12-->src/debug/AndroidManifest.xml:4:5-70
12-->src/debug/AndroidManifest.xml:4:22-68
13    <uses-permission android:name="android.permission.VIBRATE" />
13-->src/debug/AndroidManifest.xml:5:5-65
13-->src/debug/AndroidManifest.xml:5:22-63
14    <uses-permission android:name="android.permission.CAMERA" />
14-->src/debug/AndroidManifest.xml:6:5-64
14-->src/debug/AndroidManifest.xml:6:22-62
15    <uses-permission android:name="android.permission.CALL_PHONE" />
15-->src/main/AndroidManifest.xml:7:5-69
15-->src/main/AndroidManifest.xml:7:22-66
16
17    <queries>
17-->src/main/AndroidManifest.xml:35:5-40:15
18        <intent>
18-->src/main/AndroidManifest.xml:36:9-39:18
19            <action android:name="android.intent.action.VIEW" />
19-->src/main/AndroidManifest.xml:37:13-65
19-->src/main/AndroidManifest.xml:37:21-62
20
21            <data android:scheme="tel" />
21-->src/main/AndroidManifest.xml:38:13-42
21-->src/main/AndroidManifest.xml:38:19-39
22        </intent>
23    </queries>
24
25    <uses-feature android:name="android.hardware.camera.any" />
25-->[:camera_android_camerax] AndroidManifest.xml:7:5-64
25-->[:camera_android_camerax] AndroidManifest.xml:7:19-61
26
27    <uses-permission
27-->[:camera_android_camerax] AndroidManifest.xml:11:5-13:38
28        android:name="android.permission.WRITE_EXTERNAL_STORAGE"
28-->[:camera_android_camerax] AndroidManifest.xml:12:9-65
29        android:maxSdkVersion="28" />
29-->[:camera_android_camerax] AndroidManifest.xml:13:9-35
30    <uses-permission android:name="android.permission.READ_EXTERNAL_STORAGE" />
31    <uses-permission android:name="android.permission.POST_NOTIFICATIONS" />
31-->[:flutter_local_notifications] AndroidManifest.xml:8:5-77
31-->[:flutter_local_notifications] AndroidManifest.xml:8:22-74
32
33    <permission
33-->[androidx.core:core:1.13.1] AndroidManifest.xml:22:5-24:47
34        android:name="com.example.elder_care_assistance.DYNAMIC_RECEIVER_NOT_EXPORTED_PERMISSION"
34-->[androidx.core:core:1.13.1] AndroidManifest.xml:23:9-81
35        android:protectionLevel="signature" />
35-->[androidx.core:core:1.13.1] AndroidManifest.xml:24:9-44
36
37    <uses-permission android:name="com.example.elder_care_assistance.DYNAMIC_RECEIVER_NOT_EXPORTED_PERMISSION" />
37-->[androidx.core:core:1.13.1] AndroidManifest.xml:26:5-97
37-->[androidx.core:core:1.13.1] AndroidManifest.xml:26:22-94
38
39    <application
40        android:name="android.app.Application"
41        android:appComponentFactory="androidx.core.app.CoreComponentFactory"
41-->[androidx.core:core:1.13.1] AndroidManifest.xml:28:18-86
42        android:debuggable="true"
43        android:extractNativeLibs="true"
44        android:icon="@mipmap/ic_launcher"
45        android:label="Elder Care Assistance" >
46        <activity
47            android:name="com.example.elder_care_assistance.MainActivity"
48            android:configChanges="orientation|keyboardHidden|keyboard|screenSize|smallestScreenSize|locale|layoutDirection|fontScale|screenLayout|density|uiMode"
49            android:exported="true"
50            android:hardwareAccelerated="true"
51            android:launchMode="singleTop"
52            android:theme="@style/LaunchTheme"
53            android:windowSoftInputMode="adjustResize" >
54            <meta-data
55                android:name="io.flutter.embedding.android.NormalTheme"
56                android:resource="@style/NormalTheme" />
57
58            <intent-filter>
59                <action android:name="android.intent.action.MAIN" />
60
61                <category android:name="android.intent.category.LAUNCHER" />
62            </intent-filter>
63        </activity>
64
65        <meta-data
66            android:name="flutterEmbedding"
67            android:value="2" />
68
69        <provider
69-->[:image_picker_android] AndroidManifest.xml:9:9-17:20
70            android:name="io.flutter.plugins.imagepicker.ImagePickerFileProvider"
70-->[:image_picker_android] AndroidManifest.xml:10:13-82
71            android:authorities="com.example.elder_care_assistance.flutter.image_provider"
71-->[:image_picker_android] AndroidManifest.xml:11:13-74
72            android:exported="false"
72-->[:image_picker_android] AndroidManifest.xml:12:13-37
73            android:grantUriPermissions="true" >
73-->[:image_picker_android] AndroidManifest.xml:13:13-47
74            <meta-data
74-->[:image_picker_android] AndroidManifest.xml:14:13-16:75
75                android:name="android.support.FILE_PROVIDER_PATHS"
75-->[:image_picker_android] AndroidManifest.xml:15:17-67
76                android:resource="@xml/flutter_image_picker_file_paths" />
76-->[:image_picker_android] AndroidManifest.xml:16:17-72
77        </provider> <!-- Trigger Google Play services to install the backported photo picker module. -->
78        <service
78-->[:image_picker_android] AndroidManifest.xml:19:9-31:19
79            android:name="com.google.android.gms.metadata.ModuleDependencies"
79-->[:image_picker_android] AndroidManifest.xml:20:13-78
80            android:enabled="false"
80-->[:image_picker_android] AndroidManifest.xml:21:13-36
81            android:exported="false" >
81-->[:image_picker_android] AndroidManifest.xml:22:13-37
82            <intent-filter>
82-->[:image_picker_android] AndroidManifest.xml:24:13-26:29
83                <action android:name="com.google.android.gms.metadata.MODULE_DEPENDENCIES" />
83-->[:image_picker_android] AndroidManifest.xml:25:17-94
83-->[:image_picker_android] AndroidManifest.xml:25:25-91
84            </intent-filter>
85
86            <meta-data
86-->[:image_picker_android] AndroidManifest.xml:28:13-30:36
87                android:name="photopicker_activity:0:required"
87-->[:image_picker_android] AndroidManifest.xml:29:17-63
88                android:value="" />
88-->[:image_picker_android] AndroidManifest.xml:30:17-33
89        </service>
90
91        <activity
91-->[:url_launcher_android] AndroidManifest.xml:8:9-11:74
92            android:name="io.flutter.plugins.urllauncher.WebViewActivity"
92-->[:url_launcher_android] AndroidManifest.xml:9:13-74
93            android:exported="false"
93-->[:url_launcher_android] AndroidManifest.xml:10:13-37
94            android:theme="@android:style/Theme.NoTitleBar.Fullscreen" />
94-->[:url_launcher_android] AndroidManifest.xml:11:13-71
95
96        <service
96-->[androidx.camera:camera-camera2:1.4.1] AndroidManifest.xml:24:9-33:19
97            android:name="androidx.camera.core.impl.MetadataHolderService"
97-->[androidx.camera:camera-camera2:1.4.1] AndroidManifest.xml:25:13-75
98            android:enabled="false"
98-->[androidx.camera:camera-camera2:1.4.1] AndroidManifest.xml:26:13-36
99            android:exported="false" >
99-->[androidx.camera:camera-camera2:1.4.1] AndroidManifest.xml:27:13-37
100            <meta-data
100-->[androidx.camera:camera-camera2:1.4.1] AndroidManifest.xml:30:13-32:89
101                android:name="androidx.camera.core.impl.MetadataHolderService.DEFAULT_CONFIG_PROVIDER"
101-->[androidx.camera:camera-camera2:1.4.1] AndroidManifest.xml:31:17-103
102                android:value="androidx.camera.camera2.Camera2Config$DefaultProvider" />
102-->[androidx.camera:camera-camera2:1.4.1] AndroidManifest.xml:32:17-86
103        </service>
104
105        <uses-library
105-->[androidx.window:window:1.2.0] AndroidManifest.xml:23:9-25:40
106            android:name="androidx.window.extensions"
106-->[androidx.window:window:1.2.0] AndroidManifest.xml:24:13-54
107            android:required="false" />
107-->[androidx.window:window:1.2.0] AndroidManifest.xml:25:13-37
108        <uses-library
108-->[androidx.window:window:1.2.0] AndroidManifest.xml:26:9-28:40
109            android:name="androidx.window.sidecar"
109-->[androidx.window:window:1.2.0] AndroidManifest.xml:27:13-51
110            android:required="false" />
110-->[androidx.window:window:1.2.0] AndroidManifest.xml:28:13-37
111
112        <provider
112-->[androidx.lifecycle:lifecycle-process:2.7.0] AndroidManifest.xml:24:9-32:20
113            android:name="androidx.startup.InitializationProvider"
113-->[androidx.lifecycle:lifecycle-process:2.7.0] AndroidManifest.xml:25:13-67
114            android:authorities="com.example.elder_care_assistance.androidx-startup"
114-->[androidx.lifecycle:lifecycle-process:2.7.0] AndroidManifest.xml:26:13-68
115            android:exported="false" >
115-->[androidx.lifecycle:lifecycle-process:2.7.0] AndroidManifest.xml:27:13-37
116            <meta-data
116-->[androidx.lifecycle:lifecycle-process:2.7.0] AndroidManifest.xml:29:13-31:52
117                android:name="androidx.lifecycle.ProcessLifecycleInitializer"
117-->[androidx.lifecycle:lifecycle-process:2.7.0] AndroidManifest.xml:30:17-78
118                android:value="androidx.startup" />
118-->[androidx.lifecycle:lifecycle-process:2.7.0] AndroidManifest.xml:31:17-49
119            <meta-data
119-->[androidx.profileinstaller:profileinstaller:1.3.1] AndroidManifest.xml:29:13-31:52
120                android:name="androidx.profileinstaller.ProfileInstallerInitializer"
120-->[androidx.profileinstaller:profileinstaller:1.3.1] AndroidManifest.xml:30:17-85
121                android:value="androidx.startup" />
121-->[androidx.profileinstaller:profileinstaller:1.3.1] AndroidManifest.xml:31:17-49
122        </provider>
123
124        <receiver
124-->[androidx.profileinstaller:profileinstaller:1.3.1] AndroidManifest.xml:34:9-52:20
125            android:name="androidx.profileinstaller.ProfileInstallReceiver"
125-->[androidx.profileinstaller:profileinstaller:1.3.1] AndroidManifest.xml:35:13-76
126            android:directBootAware="false"
126-->[androidx.profileinstaller:profileinstaller:1.3.1] AndroidManifest.xml:36:13-44
127            android:enabled="true"
127-->[androidx.profileinstaller:profileinstaller:1.3.1] AndroidManifest.xml:37:13-35
128            android:exported="true"
128-->[androidx.profileinstaller:profileinstaller:1.3.1] AndroidManifest.xml:38:13-36
129            android:permission="android.permission.DUMP" >
129-->[androidx.profileinstaller:profileinstaller:1.3.1] AndroidManifest.xml:39:13-57
130            <intent-filter>
130-->[androidx.profileinstaller:profileinstaller:1.3.1] AndroidManifest.xml:40:13-42:29
131                <action android:name="androidx.profileinstaller.action.INSTALL_PROFILE" />
131-->[androidx.profileinstaller:profileinstaller:1.3.1] AndroidManifest.xml:41:17-91
131-->[androidx.profileinstaller:profileinstaller:1.3.1] AndroidManifest.xml:41:25-88
132            </intent-filter>
133            <intent-filter>
133-->[androidx.profileinstaller:profileinstaller:1.3.1] AndroidManifest.xml:43:13-45:29
134                <action android:name="androidx.profileinstaller.action.SKIP_FILE" />
134-->[androidx.profileinstaller:profileinstaller:1.3.1] AndroidManifest.xml:44:17-85
134-->[androidx.profileinstaller:profileinstaller:1.3.1] AndroidManifest.xml:44:25-82
135            </intent-filter>
136            <intent-filter>
136-->[androidx.profileinstaller:profileinstaller:1.3.1] AndroidManifest.xml:46:13-48:29
137                <action android:name="androidx.profileinstaller.action.SAVE_PROFILE" />
137-->[androidx.profileinstaller:profileinstaller:1.3.1] AndroidManifest.xml:47:17-88
137-->[androidx.profileinstaller:profileinstaller:1.3.1] AndroidManifest.xml:47:25-85
138            </intent-filter>
139            <intent-filter>
139-->[androidx.profileinstaller:profileinstaller:1.3.1] AndroidManifest.xml:49:13-51:29
140                <action android:name="androidx.profileinstaller.action.BENCHMARK_OPERATION" />
140-->[androidx.profileinstaller:profileinstaller:1.3.1] AndroidManifest.xml:50:17-95
140-->[androidx.profileinstaller:profileinstaller:1.3.1] AndroidManifest.xml:50:25-92
141            </intent-filter>
142        </receiver>
143    </application>
144
145</manifest>